<?xml version="1.0" encoding="UTF-8"?>
<coverage generated="1475439931">
  <project timestamp="1475439931">
    <package name="Ecfectus\Events">
      <file name="/Users/leemason/ecfectus/events/src/Dispatcher.php">
        <class name="Dispatcher" namespace="Ecfectus\Events">
          <metrics complexity="25" methods="9" coveredmethods="9" conditionals="0" coveredconditionals="0" statements="41" coveredstatements="41" elements="50" coveredelements="50"/>
        </class>
        <line num="31" type="stmt" count="11"/>
        <line num="36" type="method" name="listen" visibility="public" complexity="2" crap="2" count="8"/>
        <line num="38" type="stmt" count="8"/>
        <line num="39" type="stmt" count="2"/>
        <line num="40" type="stmt" count="2"/>
        <line num="42" type="stmt" count="8"/>
        <line num="43" type="stmt" count="8"/>
        <line num="46" type="stmt" count="8"/>
        <line num="55" type="method" name="getQueue" visibility="private" complexity="1" crap="1" count="8"/>
        <line num="57" type="stmt" count="8"/>
        <line num="66" type="method" name="getWildcardQueue" visibility="private" complexity="1" crap="1" count="2"/>
        <line num="68" type="stmt" count="2"/>
        <line num="74" type="method" name="fire" visibility="public" complexity="7" crap="7" count="8"/>
        <line num="76" type="stmt" count="8"/>
        <line num="78" type="stmt" count="8"/>
        <line num="81" type="stmt" count="8"/>
        <line num="82" type="stmt" count="1"/>
        <line num="83" type="stmt" count="1"/>
        <line num="84" type="stmt" count="1"/>
        <line num="85" type="stmt" count="1"/>
        <line num="90" type="stmt" count="8"/>
        <line num="91" type="stmt" count="7"/>
        <line num="92" type="stmt" count="1"/>
        <line num="94" type="stmt" count="7"/>
        <line num="95" type="stmt" count="7"/>
        <line num="99" type="stmt" count="8"/>
        <line num="109" type="method" name="matchesWildcard" visibility="private" complexity="1" crap="1" count="1"/>
        <line num="111" type="stmt" count="1"/>
        <line num="115" type="stmt" count="1"/>
        <line num="116" type="stmt" count="1"/>
        <line num="125" type="method" name="resolve" visibility="private" complexity="1" crap="1" count="1"/>
        <line num="126" type="stmt" count="1"/>
        <line num="132" type="method" name="forget" visibility="public" complexity="4" crap="4" count="1"/>
        <line num="134" type="stmt" count="1"/>
        <line num="135" type="stmt" count="1"/>
        <line num="136" type="stmt" count="1"/>
        <line num="139" type="stmt" count="1"/>
        <line num="140" type="stmt" count="1"/>
        <line num="144" type="stmt" count="1"/>
        <line num="150" type="method" name="subscribe" visibility="public" complexity="5" crap="5" count="4"/>
        <line num="152" type="stmt" count="4"/>
        <line num="153" type="stmt" count="1"/>
        <line num="156" type="stmt" count="4"/>
        <line num="157" type="stmt" count="1"/>
        <line num="160" type="stmt" count="3"/>
        <line num="161" type="stmt" count="1"/>
        <line num="164" type="stmt" count="2"/>
        <line num="166" type="stmt" count="2"/>
        <line num="173" type="method" name="setResolver" visibility="public" complexity="1" crap="1" count="1"/>
        <line num="175" type="stmt" count="1"/>
        <line num="176" type="stmt" count="1"/>
        <metrics loc="178" ncloc="118" classes="1" methods="9" coveredmethods="9" conditionals="0" coveredconditionals="0" statements="42" coveredstatements="42" elements="51" coveredelements="51"/>
      </file>
      <file name="/Users/leemason/ecfectus/events/src/Event.php">
        <class name="Event" namespace="Ecfectus\Events">
          <metrics complexity="0" methods="0" coveredmethods="0" conditionals="0" coveredconditionals="0" statements="0" coveredstatements="0" elements="0" coveredelements="0"/>
        </class>
        <metrics loc="14" ncloc="8" classes="1" methods="0" coveredmethods="0" conditionals="0" coveredconditionals="0" statements="0" coveredstatements="0" elements="0" coveredelements="0"/>
      </file>
    </package>
    <file name="/Users/leemason/ecfectus/events/src/DispatcherInterface.php">
      <metrics loc="60" ncloc="18" classes="0" methods="0" coveredmethods="0" conditionals="0" coveredconditionals="0" statements="0" coveredstatements="0" elements="0" coveredelements="0"/>
    </file>
    <metrics files="3" loc="252" ncloc="144" classes="2" methods="9" coveredmethods="9" conditionals="0" coveredconditionals="0" statements="42" coveredstatements="42" elements="51" coveredelements="51"/>
  </project>
</coverage>
